<?xml version="1.0" encoding="UTF-8"?>
<!-- Generated by org.testng.reporters.JUnitReportReporter -->
<testsuite hostname="LAPTOP-F9GTT2QO" failures="0" tests="3" name="com.eRail.testCases.checkFourthPositionAndCompareDestinationAndSortDate" time="44.754" errors="0" timestamp="2024-09-13T07:47:28 IST" skipped="0">
  <testcase classname="com.eRail.testCases.checkFourthPositionAndCompareDestinationAndSortDate" name="selectFourthPositionFromDropdownAndPrint" time="8.819"/>
  <system-out>
    <![CDATA[Click on the from textfield
Clear the from textfield
User enter text in From textfield
Click on the 4th position from 'From' textfield]]>
  </system-out>
  <testcase classname="com.eRail.testCases.checkFourthPositionAndCompareDestinationAndSortDate" name="compareDestinationsWithExcelSheet" time="10.597"/>
  <system-out>
    <![CDATA[Click on the from textfield
Clear the from textfield
User enter text in From textfield-DEL
Check Dendluru city name in from textfield
Check Delhi city name in from textfield
Check Delang city name in from textfield
Click on the from textfield
User enter text in From textfield-pune
Check pune city name in from textfield
Click on the from textfield
User enter text in From textfield-mumbai
Check pune city name in from textfield]]>
  </system-out>
  <testcase classname="com.eRail.testCases.checkFourthPositionAndCompareDestinationAndSortDate" name="sortingAndSelectDate" time="25.338"/>
  <system-out>
    <![CDATA[Click on the 'Sort on Date' textfield
select date from sort on date field]]>
  </system-out>
</testsuite> <!-- com.eRail.testCases.checkFourthPositionAndCompareDestinationAndSortDate -->
