<?xml version="1.0" encoding="UTF-8"?>
<!-- Generated by org.testng.reporters.JUnitReportReporter -->
<testsuite hostname="LAPTOP-F9GTT2QO" failures="0" tests="3" name="com.eRail.testCases.NewTest" time="61.345" errors="0" timestamp="2024-09-12T22:47:02 IST" skipped="0">
  <testcase classname="com.eRail.testCases.NewTest" name="selectFourthPositionFromDropdownAndPrint" time="11.802"/>
  <system-out/>
  <testcase classname="com.eRail.testCases.NewTest" name="compareDestinationsWithExcelSheet" time="43.902"/>
  <system-out/>
  <testcase classname="com.eRail.testCases.NewTest" name="sortingAndSelectDate" time="5.641"/>
  <system-out/>
</testsuite> <!-- com.eRail.testCases.NewTest -->
